Buildfile: /home/ec2-user/mongo-write-availability/build.xml

run:
     [java] Duration:	1962 ms		Content: America harry 849544 41
     [java] Duration:	43 ms		Content: America fred 202212 32
     [java] Duration:	3 ms		Content: America harry 197566 58
     [java] Duration:	4 ms		Content: America fred 272201 46
     [java] Duration:	2 ms		Content: America fred 43359 59
     [java] Duration:	3 ms		Content: America fred 55203 38
     [java] Duration:	2 ms		Content: America harry 138732 37
     [java] Duration:	339 ms		Content: America dave 276196 46
     [java] Duration:	3 ms		Content: America dave 912398 42
     [java] Duration:	3 ms		Content: America dave 292917 45
     [java] Duration:	3 ms		Content: America bob 1045097 41
     [java] Duration:	3 ms		Content: America dave 960517 44
     [java] Duration:	3 ms		Content: America fred 751543 38
     [java] Duration:	2 ms		Content: America dave 520458 49
     [java] Duration:	3 ms		Content: America harry 572798 32
     [java] Duration:	2 ms		Content: America harry 562560 52
     [java] Duration:	3 ms		Content: America harry 370915 53
     [java] Duration:	2 ms		Content: America dave 386678 31
     [java] Duration:	3 ms		Content: America bob 1031320 41
     [java] Duration:	4 ms		Content: America dave 813686 40
     [java] Duration:	2 ms		Content: America dave 921208 45
     [java] Duration:	3 ms		Content: America harry 638794 49
     [java] Duration:	3 ms		Content: America harry 1012910 32
     [java] Duration:	2 ms		Content: America dave 689533 47
     [java] Duration:	3 ms		Content: America harry 451397 32
     [java] Duration:	2 ms		Content: America harry 763212 32
     [java] Duration:	2 ms		Content: America dave 508959 39
     [java] Duration:	2 ms		Content: America bob 1042340 56
     [java] Duration:	2 ms		Content: America fred 425881 48
     [java] Duration:	4 ms		Content: America bob 347064 58
     [java] Duration:	2 ms		Content: America dave 94200 44
     [java] Duration:	3 ms		Content: America bob 444776 54
     [java] Duration:	2 ms		Content: America fred 561624 44
     [java] Duration:	3 ms		Content: America fred 211768 47
     [java] Duration:	24 ms		Content: America harry 864730 43
     [java] Duration:	3 ms		Content: America bob 1040239 31
     [java] Duration:	2 ms		Content: America bob 800588 54
     [java] Duration:	2 ms		Content: America fred 783596 38
     [java] Duration:	2 ms		Content: America harry 254942 48
     [java] Duration:	3 ms		Content: America harry 866857 53
     [java] Duration:	7 ms		Content: America bob 820593 53
     [java] Duration:	3 ms		Content: America harry 488393 32
     [java] Duration:	3 ms		Content: America bob 444117 49
     [java] Duration:	2 ms		Content: America bob 414437 47
     [java] Duration:	2 ms		Content: America bob 596917 39
     [java] Duration:	3 ms		Content: America bob 598361 33
     [java] Duration:	2 ms		Content: America harry 215219 46
     [java] Duration:	3 ms		Content: America bob 334246 51
     [java] Duration:	2 ms		Content: America harry 856651 38
     [java] Duration:	2 ms		Content: America fred 568334 32
     [java] Duration:	2 ms		Content: America fred 731538 58
     [java] Duration:	4 ms		Content: America fred 427488 54
     [java] Duration:	2 ms		Content: America bob 651191 45
     [java] Duration:	2 ms		Content: America fred 362128 38
     [java] Duration:	2 ms		Content: America harry 469171 59
     [java] Duration:	2 ms		Content: America bob 449696 31
     [java] Duration:	2 ms		Content: America bob 712969 48
     [java] Duration:	2 ms		Content: America fred 74790 54
     [java] Duration:	2 ms		Content: America dave 722129 58
     [java] Duration:	2 ms		Content: America dave 976097 49
     [java] Duration:	2 ms		Content: America fred 107323 45
     [java] Duration:	2 ms		Content: America bob 457488 50
     [java] Duration:	5 ms		Content: America fred 645077 58
     [java] Duration:	2 ms		Content: America dave 1028801 56
     [java] Duration:	2 ms		Content: America dave 295900 50
     [java] Duration:	2 ms		Content: America bob 681420 51
     [java] Duration:	8 ms		Content: America fred 176441 45
     [java] Duration:	3 ms		Content: America dave 942080 31
     [java] Duration:	2 ms		Content: America fred 294740 51
     [java] Duration:	2 ms		Content: America bob 711817 56
     [java] Duration:	2 ms		Content: America dave 37031 36
     [java] Duration:	2 ms		Content: America harry 493475 48
     [java] Duration:	2 ms		Content: America bob 487475 31
     [java] Duration:	2 ms		Content: America dave 631740 39
     [java] Duration:	2 ms		Content: America dave 329538 33
     [java] Duration:	2 ms		Content: America harry 982987 52
     [java] Duration:	2 ms		Content: America dave 450708 44
     [java] Duration:	2 ms		Content: America dave 108641 32
     [java] Duration:	2 ms		Content: America bob 71065 49
     [java] Duration:	6 ms		Content: America dave 404420 32
     [java] Duration:	26 ms		Content: America harry 360790 49
     [java] Duration:	20 ms		Content: America fred 870877 32
     [java] Duration:	3 ms		Content: America dave 23234 31
     [java] Duration:	3 ms		Content: America bob 601346 45
     [java] Duration:	2 ms		Content: America harry 1013248 31
     [java] Duration:	2 ms		Content: America dave 424048 55
     [java] Duration:	2 ms		Content: America fred 268834 34
     [java] Duration:	2 ms		Content: America dave 510012 42
     [java] Duration:	3 ms		Content: America harry 732234 43
     [java] Duration:	2 ms		Content: America dave 903683 47
     [java] Duration:	2 ms		Content: America bob 492917 32
     [java] Duration:	2 ms		Content: America fred 808961 59
     [java] Duration:	2 ms		Content: America fred 966396 53
     [java] Duration:	3 ms		Content: America dave 829892 58
     [java] Duration:	2 ms		Content: America bob 482060 37
     [java] Duration:	3 ms		Content: America dave 242713 40
     [java] Duration:	2 ms		Content: America fred 594265 56
     [java] Duration:	3 ms		Content: America harry 984365 41
     [java] Duration:	2 ms		Content: America dave 739822 48
     [java] Duration:	2 ms		Content: America fred 680130 46
     [java] Duration:	2 ms		Content: America bob 837263 35
     [java] Duration:	2 ms		Content: America bob 591701 36
     [java] Duration:	2 ms		Content: America bob 487769 44
     [java] Duration:	2 ms		Content: America dave 734781 44
     [java] Duration:	2 ms		Content: America harry 1022892 39
     [java] Duration:	3 ms		Content: America fred 951585 56
     [java] Duration:	2 ms		Content: America dave 801861 45
     [java] Duration:	2 ms		Content: America fred 742489 41
     [java] Duration:	7 ms		Content: America fred 712288 52
     [java] Duration:	2 ms		Content: America fred 157314 32
     [java] Duration:	2 ms		Content: America dave 3858 59
     [java] Duration:	2 ms		Content: America dave 504489 38
     [java] Duration:	2 ms		Content: America dave 844613 52
     [java] Duration:	2 ms		Content: America dave 855626 52
     [java] Duration:	3 ms		Content: America dave 180707 36
     [java] Duration:	2 ms		Content: America dave 968887 35
     [java] Duration:	3 ms		Content: America bob 90059 55
     [java] Duration:	3 ms		Content: America bob 505660 36
     [java] Duration:	2 ms		Content: America harry 620911 39
     [java] Duration:	2 ms		Content: America bob 79359 50
     [java] Duration:	2 ms		Content: America bob 264646 31
     [java] Duration:	2 ms		Content: America dave 517547 39
     [java] Duration:	2 ms		Content: America dave 630227 49
     [java] Duration:	2 ms		Content: America fred 480179 47
     [java] Duration:	12 ms		Content: America bob 605557 38
     [java] Duration:	4 ms		Content: America bob 466374 52
     [java] Duration:	2 ms		Content: America fred 243624 50
     [java] Duration:	2 ms		Content: America bob 476731 56
     [java] Duration:	38 ms		Content: America dave 118371 36
     [java] Duration:	2 ms		Content: America bob 1014483 45
     [java] Duration:	2 ms		Content: America fred 1041143 39
     [java] Duration:	2 ms		Content: America harry 740893 32
     [java] Duration:	2 ms		Content: America bob 422830 44
     [java] Duration:	2 ms		Content: America bob 704465 35
     [java] Duration:	2 ms		Content: America bob 725469 47
     [java] Duration:	2 ms		Content: America harry 414561 38
     [java] Duration:	2 ms		Content: America harry 268634 48
     [java] Duration:	2 ms		Content: America bob 391599 56
     [java] Duration:	2 ms		Content: America dave 592245 44
     [java] Duration:	2 ms		Content: America harry 804807 37
     [java] Duration:	3 ms		Content: America harry 731670 54
     [java] Duration:	2 ms		Content: America dave 295672 39
     [java] Duration:	2 ms		Content: America fred 925546 37
     [java] Duration:	5 ms		Content: America harry 268054 34
     [java] Duration:	3 ms		Content: America fred 115539 38
     [java] Duration:	2 ms		Content: America dave 39958 49
     [java] Duration:	2 ms		Content: America bob 870604 34
     [java] Duration:	2 ms		Content: America bob 279913 30
     [java] Duration:	2 ms		Content: America harry 761050 36
     [java] Duration:	2 ms		Content: America fred 134749 42
     [java] Duration:	3 ms		Content: America bob 772113 40
     [java] Duration:	3 ms		Content: America dave 828932 44
     [java] Duration:	3 ms		Content: America harry 844047 54
     [java] Duration:	2 ms		Content: America bob 681720 51
     [java] Duration:	2 ms		Content: America harry 80873 39
     [java] Duration:	5 ms		Content: America bob 857394 49
     [java] Duration:	2 ms		Content: America fred 567263 39
     [java] Duration:	2 ms		Content: America dave 914772 37
     [java] Duration:	2 ms		Content: America fred 999249 30
     [java] Duration:	2 ms		Content: America dave 584153 41
     [java] Duration:	3 ms		Content: America bob 810935 48
     [java] Duration:	2 ms		Content: America bob 938751 41
     [java] Duration:	3 ms		Content: America harry 669851 43
     [java] Duration:	2 ms		Content: America fred 178933 47
     [java] Duration:	3 ms		Content: America dave 135768 50
     [java] Duration:	2 ms		Content: America fred 656642 51
     [java] Duration:	2 ms		Content: America harry 75090 52
     [java] Duration:	2 ms		Content: America bob 372432 45
     [java] Duration:	3 ms		Content: America fred 115259 55
     [java] Duration:	2 ms		Content: America bob 636058 37
     [java] Duration:	4 ms		Content: America dave 829386 30
     [java] Duration:	3 ms		Content: America fred 403655 56
     [java] Duration:	3 ms		Content: America fred 687365 58
     [java] Duration:	11 ms		Content: America harry 82623 30
     [java] Duration:	41 ms		Content: America dave 498876 37
     [java] Duration:	12 ms		Content: America harry 25504 51
     [java] Duration:	4 ms		Content: America harry 873498 38
     [java] Duration:	3 ms		Content: America bob 396090 31
     [java] Duration:	25 ms		Content: America fred 200653 49
     [java] Duration:	8 ms		Content: America harry 77041 53
     [java] Duration:	3 ms		Content: America dave 858515 33
     [java] Duration:	2 ms		Content: America fred 933166 30
     [java] Duration:	2 ms		Content: America fred 215270 33
     [java] Duration:	89 ms		Content: America harry 794286 46
     [java] Duration:	33 ms		Content: America harry 403948 35
     [java] Duration:	3 ms		Content: America harry 734132 48
     [java] Duration:	2 ms		Content: America bob 484931 46
     [java] Duration:	2 ms		Content: America fred 1028637 36
     [java] Duration:	2 ms		Content: America harry 595317 42
     [java] Duration:	2 ms		Content: America harry 779741 57
     [java] Duration:	2 ms		Content: America fred 838575 51
     [java] Duration:	2 ms		Content: America bob 946019 45
     [java] Duration:	2 ms		Content: America harry 248864 32
     [java] Duration:	2 ms		Content: America fred 19868 35
     [java] Duration:	2 ms		Content: America fred 828107 34
     [java] Duration:	2 ms		Content: America fred 860816 40
     [java] Duration:	2 ms		Content: America harry 517776 32
     [java] Duration:	2 ms		Content: America bob 802131 30
     [java] Duration:	3 ms		Content: America dave 884335 46
     [java] Duration:	2 ms		Content: America bob 1046153 40
     [java] Duration:	2 ms		Content: America dave 355382 51
     [java] Duration:	2 ms		Content: America bob 685947 49
     [java] Duration:	2 ms		Content: America harry 290816 53
     [java] Duration:	2 ms		Content: America fred 455519 59
     [java] Duration:	2 ms		Content: America fred 158762 49
     [java] Duration:	2 ms		Content: America fred 44909 36
     [java] Duration:	6 ms		Content: America harry 443733 32
     [java] Duration:	3 ms		Content: America dave 570512 30
     [java] Duration:	2 ms		Content: America fred 395501 32
     [java] Duration:	3 ms		Content: America dave 317897 54
     [java] Duration:	2 ms		Content: America fred 277522 50
     [java] Duration:	2 ms		Content: America fred 987256 54
     [java] Duration:	4 ms		Content: America harry 334442 35
     [java] Duration:	2 ms		Content: America harry 791009 40
     [java] Duration:	2 ms		Content: America dave 360596 33
     [java] Duration:	2 ms		Content: America harry 749710 45
     [java] Duration:	5 ms		Content: America dave 387513 54
     [java] Duration:	2 ms		Content: America harry 871549 42
     [java] Duration:	2 ms		Content: America fred 904803 34
     [java] Duration:	3 ms		Content: America fred 661083 56
     [java] Duration:	2 ms		Content: America bob 862928 59
     [java] Duration:	2 ms		Content: America dave 903898 52
     [java] Duration:	2 ms		Content: America harry 705222 51
     [java] Duration:	3 ms		Content: America dave 954096 39
     [java] Duration:	2 ms		Content: America dave 24021 36
     [java] Duration:	3 ms		Content: America dave 276252 47
     [java] Duration:	2 ms		Content: America bob 650116 45
     [java] Duration:	2 ms		Content: America dave 916081 39
     [java] Duration:	3 ms		Content: America dave 4110 53
     [java] Duration:	3 ms		Content: America dave 571766 47
     [java] Duration:	23 ms		Content: America harry 6111 59
     [java] Duration:	2 ms		Content: America fred 729767 58
     [java] Duration:	2 ms		Content: America fred 569202 44
     [java] Duration:	2 ms		Content: America fred 335658 54
     [java] Duration:	2 ms		Content: America bob 488692 38
     [java] Duration:	2 ms		Content: America dave 390863 54
     [java] Duration:	2 ms		Content: America dave 208788 50
     [java] Duration:	2 ms		Content: America dave 462359 45
     [java] Duration:	2 ms		Content: America bob 805899 47
     [java] Duration:	3 ms		Content: America fred 325569 51
     [java] Duration:	2 ms		Content: America harry 180031 38
     [java] Duration:	2 ms		Content: America harry 502991 49
     [java] Duration:	3 ms		Content: America dave 972286 34
     [java] Duration:	2 ms		Content: America harry 541268 52
     [java] Duration:	2 ms		Content: America bob 796470 30
     [java] Duration:	3 ms		Content: America bob 414813 42
     [java] Duration:	2 ms		Content: America dave 902629 53
     [java] Duration:	2 ms		Content: America harry 510527 59
     [java] Duration:	26 ms		Content: America fred 704706 37
     [java] Duration:	2 ms		Content: America harry 442782 46
     [java] Duration:	2 ms		Content: America dave 29466 55
     [java] Duration:	2 ms		Content: America harry 610810 44
     [java] Duration:	2 ms		Content: America bob 108874 31
     [java] Duration:	5 ms		Content: America bob 820402 49
     [java] Duration:	7 ms		Content: America bob 76635 30
     [java] Duration:	2 ms		Content: America bob 970776 33
     [java] Duration:	2 ms		Content: America fred 267224 46
     [java] Duration:	2 ms		Content: America dave 823645 55
     [java] Duration:	3 ms		Content: America harry 341291 41
     [java] Duration:	2 ms		Content: America bob 988219 57
     [java] Duration:	4 ms		Content: America bob 146852 35
     [java] Duration:	2 ms		Content: America dave 526143 35
     [java] Duration:	3 ms		Content: America fred 928932 40
     [java] Duration:	2 ms		Content: America bob 274749 36
     [java] Duration:	2 ms		Content: America fred 80829 56
     [java] Duration:	2 ms		Content: America dave 491682 44
     [java] Duration:	3 ms		Content: America fred 142854 39
     [java] Duration:	2 ms		Content: America dave 314219 36
     [java] Duration:	2 ms		Content: America bob 63937 54
     [java] Duration:	2 ms		Content: America harry 599599 51
     [java] Duration:	2 ms		Content: America dave 586918 41
     [java] Duration:	2 ms		Content: America dave 916609 57
     [java] Duration:	2 ms		Content: America bob 423931 58
     [java] Duration:	2 ms		Content: America harry 254256 59
     [java] Duration:	2 ms		Content: America harry 243602 52
     [java] Duration:	2 ms		Content: America harry 385005 53
     [java] Duration:	2 ms		Content: America harry 34458 59
     [java] Duration:	2 ms		Content: America bob 753950 55
     [java] Duration:	24 ms		Content: America bob 844331 49
     [java] Duration:	2 ms		Content: America dave 367687 35
     [java] Duration:	2 ms		Content: America fred 886701 55
     [java] Duration:	2 ms		Content: America bob 161783 52
     [java] Duration:	2 ms		Content: America bob 86765 41
     [java] Duration:	2 ms		Content: America dave 210704 58
     [java] Duration:	5 ms		Content: America bob 691808 37
     [java] Duration:	2 ms		Content: America fred 632730 31
     [java] Duration:	2 ms		Content: America fred 840015 37
     [java] Duration:	2 ms		Content: America dave 901593 36
     [java] Duration:	2 ms		Content: America dave 762715 58
     [java] Duration:	2 ms		Content: America harry 199812 52
     [java] Duration:	2 ms		Content: America bob 127216 56
     [java] Duration:	2 ms		Content: America dave 741265 56
     [java] Duration:	3 ms		Content: America fred 323739 35
     [java] Duration:	2 ms		Content: America dave 267401 32
     [java] Duration:	2 ms		Content: America dave 942199 30
     [java] Duration:	2 ms		Content: America bob 78396 55
     [java] Duration:	2 ms		Content: America bob 703976 56
     [java] Duration:	2 ms		Content: America bob 857565 49
     [java] Duration:	2 ms		Content: America fred 536951 59
     [java] Duration:	2 ms		Content: America harry 628867 31
     [java] Duration:	3 ms		Content: America dave 450304 57
     [java] Duration:	2 ms		Content: America fred 1005668 41
     [java] Duration:	2 ms		Content: America fred 16442 34
     [java] Duration:	2 ms		Content: America dave 709490 50
     [java] Duration:	2 ms		Content: America bob 827629 50
     [java] Duration:	2 ms		Content: America dave 453773 54
     [java] Duration:	3 ms		Content: America bob 494279 44
     [java] Duration:	2 ms		Content: America fred 338841 51
     [java] Duration:	2 ms		Content: America bob 936287 35
     [java] Duration:	2 ms		Content: America dave 218134 47
     [java] Duration:	2 ms		Content: America dave 508317 31
     [java] Duration:	2 ms		Content: America harry 838905 32
     [java] Duration:	2 ms		Content: America harry 621777 46
     [java] Duration:	6 ms		Content: America fred 376280 42
     [java] Duration:	2 ms		Content: America harry 405108 35
     [java] Duration:	2 ms		Content: America bob 149402 30
     [java] Duration:	2 ms		Content: America dave 115466 57
     [java] Duration:	3 ms		Content: America harry 457332 42
     [java] Duration:	2 ms		Content: America dave 1014275 41
     [java] Duration:	2 ms		Content: America dave 98929 41
     [java] Duration:	4 ms		Content: America harry 788759 55
     [java] Duration:	2 ms		Content: America fred 905185 57
     [java] Duration:	2 ms		Content: America bob 779567 59
     [java] Duration:	2 ms		Content: America dave 826356 52
     [java] Duration:	24 ms		Content: America harry 282645 42
     [java] Duration:	3 ms		Content: America dave 74261 30
     [java] Duration:	4 ms		Content: America bob 1046566 50
     [java] Duration:	3 ms		Content: America bob 369488 39
     [java] Duration:	2 ms		Content: America dave 218410 40
     [java] Duration:	2 ms		Content: America fred 752312 38
     [java] Duration:	3 ms		Content: America fred 261836 31
     [java] Duration:	10 ms		Content: America dave 698937 59
     [java] Duration:	2 ms		Content: America bob 478415 52
     [java] Duration:	2 ms		Content: America bob 1017218 43
     [java] Duration:	3 ms		Content: America fred 797066 41
     [java] Duration:	2 ms		Content: America bob 949867 41
     [java] Duration:	2 ms		Content: America bob 912920 55
     [java] Duration:	25 ms		Content: America bob 101917 37
     [java] Duration:	3 ms		Content: America bob 514031 41
     [java] Duration:	2 ms		Content: America bob 800381 55
     [java] Duration:	3 ms		Content: America harry 714199 44
     [java] Duration:	3 ms		Content: America dave 598923 50
     [java] Duration:	2 ms		Content: America fred 865209 31
     [java] Duration:	2 ms		Content: America harry 212048 41
     [java] Duration:	2 ms		Content: America bob 197017 40
     [java] Duration:	24 ms		Content: America harry 110561 57
     [java] Duration:	3 ms		Content: America bob 23223 39
     [java] Duration:	2 ms		Content: America dave 979805 35
     [java] Duration:	2 ms		Content: America dave 1006373 46
     [java] Duration:	2 ms		Content: America fred 50606 38
     [java] Duration:	2 ms		Content: America harry 862388 52
     [java] Duration:	2 ms		Content: America bob 169796 37
     [java] Duration:	2 ms		Content: America fred 305845 53
     [java] Duration:	2 ms		Content: America fred 955084 59
     [java] Duration:	2 ms		Content: America dave 1000396 57
     [java] Duration:	2 ms		Content: America fred 346790 46
     [java] Duration:	2 ms		Content: America bob 560236 43
     [java] Duration:	2 ms		Content: America fred 493159 58
     [java] Duration:	2 ms		Content: America dave 336375 49
     [java] Duration:	2 ms		Content: America bob 72638 49
     [java] Duration:	2 ms		Content: America bob 170107 37
     [java] Duration:	2 ms		Content: America harry 440785 32
     [java] Duration:	2 ms		Content: America harry 842028 39
     [java] Duration:	3 ms		Content: America fred 218987 30
     [java] Duration:	2 ms		Content: America dave 135487 46
     [java] Duration:	3 ms		Content: America harry 378196 54
     [java] Duration:	3 ms		Content: America harry 651625 44
     [java] Duration:	2 ms		Content: America bob 913490 35
     [java] Duration:	2 ms		Content: America dave 377633 52
     [java] Duration:	3 ms		Content: America harry 577424 57
     [java] Duration:	2 ms		Content: America fred 795675 49
     [java] Duration:	2 ms		Content: America fred 383597 41
     [java] Duration:	2 ms		Content: America bob 811837 47
     [java] Duration:	2 ms		Content: America harry 199418 47
     [java] Duration:	2 ms		Content: America fred 703395 50
     [java] Duration:	2 ms		Content: America harry 890838 53
     [java] Duration:	2 ms		Content: America dave 321510 54
     [java] Duration:	2 ms		Content: America bob 552422 46
     [java] Duration:	2 ms		Content: America dave 435091 39
     [java] Duration:	2 ms		Content: America dave 927171 49
     [java] Duration:	2 ms		Content: America harry 222411 59
     [java] Duration:	2 ms		Content: America bob 193061 32
     [java] Duration:	3 ms		Content: America bob 946911 34
     [java] Duration:	2 ms		Content: America fred 726199 41
     [java] Duration:	2 ms		Content: America bob 919593 50
     [java] Duration:	5 ms		Content: America dave 230790 50
     [java] Duration:	2 ms		Content: America bob 577686 46
     [java] Duration:	2 ms		Content: America bob 831623 58
     [java] Duration:	2 ms		Content: America bob 250516 59
     [java] Duration:	2 ms		Content: America dave 409771 40
     [java] Duration:	5 ms		Content: America dave 544259 33
     [java] Duration:	2 ms		Content: America harry 18505 33
     [java] Duration:	2 ms		Content: America harry 207867 53
     [java] Duration:	2 ms		Content: America bob 354663 46
     [java] Duration:	2 ms		Content: America fred 700862 45
     [java] Duration:	2 ms		Content: America fred 669578 31
     [java] Duration:	2 ms		Content: America harry 520782 57
     [java] Duration:	2 ms		Content: America dave 257407 50
     [java] Duration:	2 ms		Content: America bob 523029 31
     [java] Duration:	27 ms		Content: America dave 417028 32
     [java] Duration:	2 ms		Content: America bob 11427 47
     [java] Duration:	2 ms		Content: America dave 316913 42
     [java] Duration:	2 ms		Content: America dave 728945 37
     [java] Duration:	2 ms		Content: America harry 852943 56
     [java] Duration:	2 ms		Content: America bob 267540 41
     [java] Duration:	2 ms		Content: America dave 910835 31
     [java] Duration:	2 ms		Content: America dave 553092 31
     [java] Duration:	2 ms		Content: America bob 949886 35
     [java] Duration:	2 ms		Content: America bob 806764 58
     [java] Duration:	2 ms		Content: America bob 925642 38
     [java] Duration:	2 ms		Content: America harry 605717 46
     [java] Duration:	3 ms		Content: America harry 861118 39
     [java] Duration:	2 ms		Content: America fred 608185 31
     [java] Duration:	2 ms		Content: America bob 63491 44
     [java] Duration:	2 ms		Content: America bob 1041566 30
     [java] Duration:	2 ms		Content: America fred 136724 38
     [java] Duration:	4 ms		Content: America dave 851220 41
     [java] Duration:	2 ms		Content: America dave 133659 36
     [java] Duration:	3 ms		Content: America fred 399271 52
     [java] Duration:	3 ms		Content: America harry 464886 41
     [java] Duration:	2 ms		Content: America fred 1036150 34
     [java] Duration:	2 ms		Content: America dave 416656 48
     [java] Duration:	2 ms		Content: America bob 300701 57
     [java] Duration:	2 ms		Content: America bob 538382 38
     [java] Duration:	3 ms		Content: America harry 452171 34
     [java] Duration:	3 ms		Content: America dave 825402 34
     [java] Duration:	2 ms		Content: America bob 8718 32
     [java] Duration:	2 ms		Content: America dave 43138 53
     [java] Duration:	2 ms		Content: America bob 251212 52
     [java] Duration:	2 ms		Content: America fred 1042537 43
     [java] Duration:	2 ms		Content: America dave 833694 58
     [java] Duration:	2 ms		Content: America bob 776495 35
     [java] Duration:	2 ms		Content: America bob 551323 43
     [java] Duration:	2 ms		Content: America fred 361091 33
     [java] Duration:	2 ms		Content: America dave 779155 36
     [java] Duration:	2 ms		Content: America dave 1002355 37
     [java] Duration:	2 ms		Content: America bob 321157 44
     [java] Duration:	2 ms		Content: America bob 400125 34
     [java] Duration:	2 ms		Content: America harry 257519 50
     [java] Duration:	2 ms		Content: America fred 783494 38
     [java] Duration:	2 ms		Content: America harry 725779 36
     [java] Duration:	3 ms		Content: America dave 903777 41
     [java] Duration:	2 ms		Content: America fred 510685 34
     [java] Duration:	2 ms		Content: America bob 178602 45
     [java] Duration:	6 ms		Content: America dave 832682 47
     [java] Duration:	2 ms		Content: America fred 564638 53
     [java] Duration:	2 ms		Content: America fred 423180 34
     [java] Duration:	2 ms		Content: America bob 755047 39
     [java] Duration:	5 ms		Content: America harry 168481 46
     [java] Duration:	2 ms		Content: America harry 212287 46
     [java] Duration:	2 ms		Content: America bob 897986 47
     [java] Duration:	2 ms		Content: America harry 66226 36
     [java] Duration:	2 ms		Content: America fred 181077 41
     [java] Duration:	2 ms		Content: America harry 466987 49
     [java] Duration:	25 ms		Content: America dave 604332 54
     [java] Duration:	3 ms		Content: America bob 258917 40
     [java] Duration:	2 ms		Content: America bob 886259 38
     [java] Duration:	2 ms		Content: America harry 756331 32
     [java] Duration:	2 ms		Content: America harry 161384 42
     [java] Duration:	2 ms		Content: America harry 238739 54
     [java] Duration:	2 ms		Content: America dave 95801 41
     [java] Duration:	3 ms		Content: America harry 580627 46
     [java] Duration:	5 ms		Content: America bob 960317 54
     [java] Duration:	3 ms		Content: America bob 543286 48
     [java] Duration:	2 ms		Content: America bob 1215 41
     [java] Duration:	2 ms		Content: America fred 320421 56
     [java] Duration:	2 ms		Content: America fred 737792 56
     [java] Duration:	2 ms		Content: America fred 974974 34
     [java] Duration:	2 ms		Content: America bob 865731 51
     [java] Duration:	2 ms		Content: America dave 341621 30
     [java] Duration:	2 ms		Content: America bob 152633 51
     [java] Duration:	5 ms		Content: America dave 206681 43
     [java] Duration:	3 ms		Content: America bob 575065 40
     [java] Duration:	2 ms		Content: America dave 652370 39
     [java] Duration:	2 ms		Content: America dave 92285 54
     [java] Duration:	2 ms		Content: America harry 899367 41
     [java] Duration:	2 ms		Content: America fred 533690 55
     [java] Duration:	2 ms		Content: America fred 493146 56
     [java] Duration:	2 ms		Content: America fred 68255 55
     [java] Duration:	2 ms		Content: America harry 275296 56
     [java] Duration:	3 ms		Content: America dave 24171 33
     [java] Duration:	2 ms		Content: America dave 675631 30
     [java] Duration:	2 ms		Content: America harry 500916 37
     [java] Duration:	2 ms		Content: America dave 375736 35
     [java] Duration:	2 ms		Content: America fred 271661 38
     [java] Duration:	2 ms		Content: America fred 727255 30
     [java] Duration:	2 ms		Content: America fred 7182 51
     [java] Duration:	2 ms		Content: America bob 815554 50
     [java] Duration:	2 ms		Content: America dave 390845 33
     [java] Duration:	2 ms		Content: America dave 1001054 32
     [java] Duration:	2 ms		Content: America fred 510013 49
     [java] Duration:	4 ms		Content: America fred 387126 58
     [java] Duration:	2 ms		Content: America harry 634661 37
     [java] Duration:	2 ms		Content: America harry 729338 54
     [java] Duration:	2 ms		Content: America harry 351168 43
     [java] Duration:	2 ms		Content: America fred 173583 33
     [java] Duration:	3 ms		Content: America dave 425442 36
     [java] Duration:	2 ms		Content: America bob 1013162 35
     [java] Duration:	2 ms		Content: America fred 860781 36
     [java] Duration:	2 ms		Content: America bob 770624 34
     [java] Duration:	3 ms		Content: America fred 802668 55
     [java] Duration:	2 ms		Content: America harry 808297 48
     [java] Duration:	5 ms		Content: America dave 88287 45
     [java] Duration:	3 ms		Content: America fred 164204 47
     [java] Duration:	2 ms		Content: America dave 672430 59
     [java] Duration:	2 ms		Content: America bob 72436 35
     [java] Duration:	23 ms		Content: America dave 447962 54
     [java] Duration:	2 ms		Content: America bob 575230 59
     [java] Duration:	2 ms		Content: America bob 321734 51
     [java] Duration:	2 ms		Content: America fred 758153 57
     [java] Duration:	2 ms		Content: America harry 987021 46
     [java] Duration:	2 ms		Content: America dave 147250 51
     [java] Duration:	2 ms		Content: America bob 620758 39
     [java] Duration:	2 ms		Content: America bob 830611 43
     [java] Duration:	2 ms		Content: America harry 898487 41
     [java] Duration:	2 ms		Content: America bob 604455 54
     [java] Duration:	2 ms		Content: America dave 579089 44
     [java] Duration:	11 ms		Content: America harry 910355 35
     [java] Duration:	3 ms		Content: America dave 1010680 47
     [java] Duration:	2 ms		Content: America harry 183187 49
     [java] Duration:	2 ms		Content: America harry 141081 58
     [java] Duration:	3 ms		Content: America harry 389526 59
     [java] Duration:	2 ms		Content: America fred 206974 57
     [java] Duration:	2 ms		Content: America bob 747516 53
     [java] Duration:	2 ms		Content: America dave 806802 43
     [java] Duration:	11 ms		Content: America harry 723196 59
     [java] Duration:	2 ms		Content: America fred 761565 37
     [java] Duration:	4 ms		Content: America fred 426785 45
     [java] Duration:	2 ms		Content: America bob 623443 44
     [java] Duration:	2 ms		Content: America bob 668611 44
     [java] Duration:	2 ms		Content: America bob 127277 39
     [java] Duration:	2 ms		Content: America fred 805403 44
     [java] Duration:	2 ms		Content: America fred 727520 42
     [java] Duration:	2 ms		Content: America bob 221314 56
     [java] Duration:	2 ms		Content: America bob 1009380 32
     [java] Duration:	2 ms		Content: America harry 134687 46
     [java] Duration:	2 ms		Content: America bob 509144 41
     [java] Duration:	2 ms		Content: America fred 915248 48
     [java] Duration:	2 ms		Content: America dave 435338 34
     [java] Duration:	2 ms		Content: America dave 751870 52
     [java] Duration:	2 ms		Content: America fred 313546 58
     [java] Duration:	3 ms		Content: America fred 395593 46
     [java] Duration:	2 ms		Content: America fred 267818 53
     [java] Duration:	2 ms		Content: America bob 118388 59
     [java] Duration:	2 ms		Content: America fred 522611 40
     [java] Duration:	2 ms		Content: America dave 259929 42
     [java] Duration:	2 ms		Content: America dave 783308 35
     [java] Duration:	2 ms		Content: America dave 871962 59
     [java] Duration:	2 ms		Content: America harry 976012 36
     [java] Duration:	2 ms		Content: America fred 710500 36
     [java] Duration:	2 ms		Content: America dave 933714 53
     [java] Duration:	2 ms		Content: America harry 314147 40
     [java] Duration:	2 ms		Content: America harry 355705 38
     [java] Duration:	2 ms		Content: America fred 654745 44
     [java] Duration:	2 ms		Content: America harry 449023 38
     [java] Duration:	2 ms		Content: America bob 923244 35
     [java] Duration:	20 ms		Content: America dave 1016783 52
     [java] Duration:	2 ms		Content: America harry 947762 51
     [java] Duration:	3 ms		Content: America bob 694683 51
     [java] Duration:	2 ms		Content: America bob 260137 37
     [java] Duration:	2 ms		Content: America dave 375614 41
     [java] Duration:	2 ms		Content: America fred 948441 37
     [java] Duration:	2 ms		Content: America dave 531849 59
     [java] Duration:	2 ms		Content: America dave 853342 48
     [java] Duration:	2 ms		Content: America fred 82094 59
     [java] Duration:	2 ms		Content: America bob 333531 56
     [java] Duration:	2 ms		Content: America bob 184115 35
     [java] Duration:	4 ms		Content: America dave 142750 33
     [java] Duration:	3 ms		Content: America dave 629327 46
     [java] Duration:	2 ms		Content: America harry 758367 37
     [java] Duration:	2 ms		Content: America dave 752439 30
     [java] Duration:	2 ms		Content: America bob 50142 42
     [java] Duration:	2 ms		Content: America bob 865090 43
     [java] Duration:	3 ms		Content: America fred 631141 51
     [java] Duration:	2 ms		Content: America harry 36167 49
     [java] Duration:	2 ms		Content: America harry 398591 58
     [java] Duration:	2 ms		Content: America fred 985824 30
     [java] Duration:	2 ms		Content: America bob 118683 59
     [java] Duration:	2 ms		Content: America fred 603168 53
     [java] Duration:	2 ms		Content: America dave 666765 36
     [java] Duration:	2 ms		Content: America harry 57347 36
     [java] Duration:	3 ms		Content: America dave 815668 30
     [java] Duration:	7 ms		Content: America dave 282911 45
     [java] Duration:	3 ms		Content: America dave 247672 58
     [java] Duration:	2 ms		Content: America harry 359863 45
     [java] Duration:	2 ms		Content: America dave 861388 46
     [java] Duration:	2 ms		Content: America fred 302038 36
     [java] Duration:	2 ms		Content: America bob 260580 45
     [java] Duration:	1 ms		Content: America bob 838750 35
     [java] Duration:	2 ms		Content: America fred 868817 45
     [java] Duration:	2 ms		Content: America harry 397745 52
     [java] Duration:	2 ms		Content: America harry 1035286 30
     [java] Duration:	2 ms		Content: America bob 7434 57
     [java] Duration:	2 ms		Content: America harry 241772 36
     [java] Duration:	2 ms		Content: America bob 108585 44
     [java] Duration:	3 ms		Content: America fred 1040168 52
     [java] Duration:	2 ms		Content: America dave 831464 47
     [java] Duration:	1 ms		Content: America bob 1042659 49
     [java] Duration:	2 ms		Content: America bob 526587 41
     [java] Duration:	2 ms		Content: America dave 563392 44
     [java] Duration:	2 ms		Content: America bob 220835 35
     [java] Duration:	2 ms		Content: America fred 338733 30
     [java] Duration:	2 ms		Content: America dave 288764 49
     [java] Duration:	3 ms		Content: America bob 702748 30
     [java] Duration:	2 ms		Content: America harry 785550 35
     [java] Duration:	2 ms		Content: America dave 738872 35
     [java] Duration:	3 ms		Content: America fred 492693 43
     [java] Duration:	2 ms		Content: America fred 437455 54
     [java] Duration:	2 ms		Content: America fred 101287 46
     [java] Duration:	2 ms		Content: America harry 879739 33
     [java] Duration:	2 ms		Content: America fred 1026666 41
     [java] Duration:	2 ms		Content: America dave 145211 43
     [java] Duration:	2 ms		Content: America dave 572434 51
     [java] Duration:	2 ms		Content: America dave 827571 38
     [java] Duration:	2 ms		Content: America fred 837845 38
     [java] Duration:	3 ms		Content: America fred 380977 50
     [java] Duration:	3 ms		Content: America fred 388716 51
     [java] Duration:	6 ms		Content: America harry 735065 58
     [java] Duration:	2 ms		Content: America dave 263098 43
     [java] Duration:	2 ms		Content: America harry 955002 48
     [java] Duration:	2 ms		Content: America bob 230735 54
     [java] Duration:	22 ms		Content: America harry 29453 51
     [java] Duration:	2 ms		Content: America dave 112098 44
     [java] Duration:	2 ms		Content: America fred 783850 41
     [java] Duration:	3 ms		Content: America dave 1039036 33
     [java] Duration:	2 ms		Content: America dave 972665 56
     [java] Duration:	2 ms		Content: America dave 377196 33
     [java] Duration:	2 ms		Content: America fred 170569 44
     [java] Duration:	2 ms		Content: America fred 364427 45
     [java] Duration:	2 ms		Content: America fred 238401 40
     [java] Duration:	2 ms		Content: America bob 983569 34
     [java] Duration:	2 ms		Content: America bob 242920 40
     [java] Duration:	2 ms		Content: America harry 379093 44
     [java] Duration:	2 ms		Content: America dave 649847 35
     [java] Duration:	2 ms		Content: America dave 1000134 39
     [java] Duration:	2 ms		Content: America fred 759005 36
     [java] Duration:	2 ms		Content: America fred 896584 33
     [java] Duration:	2 ms		Content: America bob 899975 38
     [java] Duration:	2 ms		Content: America bob 622850 54
     [java] Duration:	2 ms		Content: America fred 81382 56
     [java] Duration:	2 ms		Content: America harry 343966 58
     [java] Duration:	2 ms		Content: America harry 197894 40
     [java] Duration:	2 ms		Content: America bob 888651 50
     [java] Duration:	2 ms		Content: America dave 598911 34
     [java] Duration:	2 ms		Content: America bob 672749 38
     [java] Duration:	5 ms		Content: America harry 904885 32
     [java] Duration:	2 ms		Content: America bob 266946 51
     [java] Duration:	2 ms		Content: America harry 600426 59
     [java] Duration:	2 ms		Content: America harry 413275 40
     [java] Duration:	2 ms		Content: America harry 833543 39
     [java] Duration:	3 ms		Content: America bob 452712 32
     [java] Duration:	2 ms		Content: America dave 757723 44
     [java] Duration:	2 ms		Content: America harry 589220 50
     [java] Duration:	2 ms		Content: America harry 542200 59
     [java] Duration:	5 ms		Content: America dave 490078 59
     [java] Duration:	7 ms		Content: America harry 27804 43
     [java] Duration:	3 ms		Content: America dave 55892 42
     [java] Duration:	2 ms		Content: America fred 1035603 36
     [java] Duration:	2 ms		Content: America fred 423884 51
     [java] Duration:	2 ms		Content: America bob 301855 42
     [java] Duration:	2 ms		Content: America harry 356059 55
     [java] Duration:	2 ms		Content: America fred 256433 35
     [java] Duration:	2 ms		Content: America harry 1015634 41
     [java] Duration:	2 ms		Content: America harry 800738 43
     [java] Duration:	2 ms		Content: America bob 985276 50
     [java] Duration:	2 ms		Content: America fred 813097 33
     [java] Duration:	2 ms		Content: America harry 860085 31
     [java] Duration:	3 ms		Content: America bob 793551 48
     [java] Duration:	2 ms		Content: America harry 878256 53
     [java] Duration:	3 ms		Content: America dave 2917 38
     [java] Duration:	2 ms		Content: America harry 811292 59
     [java] Duration:	2 ms		Content: America fred 488997 34
     [java] Duration:	2 ms		Content: America dave 692551 32
     [java] Duration:	2 ms		Content: America dave 854287 51
     [java] Duration:	5 ms		Content: America fred 382638 48
     [java] Duration:	2 ms		Content: America dave 420657 39
     [java] Duration:	22 ms		Content: America harry 859584 30
     [java] Duration:	2 ms		Content: America harry 314003 36
     [java] Duration:	2 ms		Content: America bob 575591 44
     [java] Duration:	2 ms		Content: America dave 137115 48
     [java] Duration:	2 ms		Content: America bob 707015 34
     [java] Duration:	2 ms		Content: America bob 84257 44
     [java] Duration:	2 ms		Content: America fred 252924 31
     [java] Duration:	2 ms		Content: America dave 972587 30
     [java] Duration:	2 ms		Content: America fred 925360 58
     [java] Duration:	2 ms		Content: America dave 66143 46
     [java] Duration:	2 ms		Content: America dave 460071 37
     [java] Duration:	2 ms		Content: America harry 804595 53
     [java] Duration:	2 ms		Content: America bob 442158 43
     [java] Duration:	3 ms		Content: America dave 291977 40
     [java] Duration:	3 ms		Content: America fred 161341 30
     [java] Duration:	3 ms		Content: America fred 262517 35
     [java] Duration:	2 ms		Content: America bob 659398 32
     [java] Duration:	3 ms		Content: America fred 492003 44
     [java] Duration:	2 ms		Content: America fred 822529 39
     [java] Duration:	16 ms		Content: America bob 859079 32
     [java] Duration:	7 ms		Content: America fred 111714 45
     [java] Duration:	3 ms		Content: America fred 393250 34
     [java] Duration:	2 ms		Content: America harry 577916 55
     [java] Duration:	2 ms		Content: America bob 477445 38
     [java] Duration:	2 ms		Content: America fred 411650 54
     [java] Duration:	2 ms		Content: America dave 443668 59
     [java] Duration:	2 ms		Content: America fred 545134 37
     [java] Duration:	2 ms		Content: America harry 86324 53
     [java] Duration:	2 ms		Content: America bob 58162 55
     [java] Duration:	2 ms		Content: America harry 993815 38
     [java] Duration:	2 ms		Content: America fred 587304 37
     [java] Duration:	3 ms		Content: America harry 724619 48
     [java] Duration:	2 ms		Content: America dave 941585 53
     [java] Duration:	2 ms		Content: America bob 751630 51
     [java] Duration:	2 ms		Content: America dave 501984 41
     [java] Duration:	2 ms		Content: America dave 719735 58
     [java] Duration:	4 ms		Content: America fred 483288 56
     [java] Duration:	2 ms		Content: America fred 649555 58
     [java] Duration:	2 ms		Content: America dave 964181 48
     [java] Duration:	2 ms		Content: America fred 907494 56
     [java] Duration:	2 ms		Content: America bob 172916 54
     [java] Duration:	2 ms		Content: America fred 959150 37
     [java] Duration:	2 ms		Content: America bob 404074 51
     [java] Duration:	3 ms		Content: America dave 469869 56
     [java] Duration:	2 ms		Content: America bob 557922 32
     [java] Duration:	2 ms		Content: America bob 631744 56
     [java] Duration:	2 ms		Content: America bob 709264 55
     [java] Duration:	2 ms		Content: America dave 660073 50
     [java] Duration:	2 ms		Content: America bob 770624 57
     [java] Duration:	2 ms		Content: America fred 814684 52
     [java] Duration:	23 ms		Content: America dave 982822 45
     [java] Duration:	2 ms		Content: America fred 647900 44
     [java] Duration:	2 ms		Content: America bob 673125 33
     [java] Duration:	2 ms		Content: America harry 390932 39
     [java] Duration:	2 ms		Content: America dave 490430 49
     [java] Duration:	2 ms		Content: America dave 216026 39
     [java] Duration:	2 ms		Content: America bob 948190 37
     [java] Duration:	2 ms		Content: America fred 527330 53
     [java] Duration:	2 ms		Content: America bob 119007 53
     [java] Duration:	2 ms		Content: America dave 766044 32
     [java] Duration:	2 ms		Content: America fred 1012057 55
     [java] Duration:	2 ms		Content: America harry 734242 50
     [java] Duration:	2 ms		Content: America harry 899931 43
     [java] Duration:	2 ms		Content: America bob 173573 58
     [java] Duration:	2 ms		Content: America bob 109342 58
     [java] Duration:	2 ms		Content: America fred 283433 37
     [java] Duration:	2 ms		Content: America dave 696636 41
     [java] Duration:	2 ms		Content: America fred 966089 34
     [java] Duration:	2 ms		Content: America fred 370685 56
     [java] Duration:	3 ms		Content: America bob 721033 41
     [java] Duration:	2 ms		Content: America dave 470900 50
     [java] Duration:	2 ms		Content: America harry 276158 39
     [java] Duration:	2 ms		Content: America harry 909313 52
     [java] Duration:	2 ms		Content: America harry 477901 34
     [java] Duration:	2 ms		Content: America fred 686307 30
     [java] Duration:	2 ms		Content: America dave 725016 35
     [java] Duration:	2 ms		Content: America harry 827687 46
     [java] Duration:	8 ms		Content: America dave 124569 44
     [java] Duration:	4 ms		Content: America fred 322507 38
     [java] Duration:	9 ms		Content: America bob 979526 53
     [java] Duration:	2 ms		Content: America dave 1003430 42
     [java] Duration:	3 ms		Content: America bob 579928 51
     [java] Duration:	2 ms		Content: America dave 983537 58
     [java] Duration:	3 ms		Content: America fred 732016 44
     [java] Duration:	2 ms		Content: America harry 730714 38
     [java] Duration:	6 ms		Content: America dave 290655 35
     [java] Duration:	2 ms		Content: America fred 734578 48
     [java] Duration:	3 ms		Content: America harry 1037777 59
     [java] Duration:	3 ms		Content: America harry 241313 30
     [java] Duration:	2 ms		Content: America dave 161289 40
     [java] Duration:	2 ms		Content: America bob 574746 33
     [java] Duration:	2 ms		Content: America dave 737899 34
     [java] Duration:	4 ms		Content: America fred 705154 58
     [java] Duration:	2 ms		Content: America harry 505508 50
     [java] Duration:	2 ms		Content: America bob 143951 30
     [java] Duration:	3 ms		Content: America bob 508980 44
     [java] Duration:	2 ms		Content: America dave 651322 50
     [java] Duration:	2 ms		Content: America harry 443150 42
     [java] Duration:	2 ms		Content: America bob 189665 54
     [java] Duration:	3 ms		Content: America fred 363357 55
     [java] Duration:	2 ms		Content: America bob 862021 59
     [java] Duration:	2 ms		Content: America dave 933073 52
     [java] Duration:	2 ms		Content: America harry 362974 50
     [java] Duration:	24 ms		Content: America bob 637311 47
     [java] Duration:	2 ms		Content: America fred 334044 51
     [java] Duration:	2 ms		Content: America bob 298755 51
     [java] Duration:	2 ms		Content: America bob 251454 40
     [java] Duration:	2 ms		Content: America fred 936567 40
     [java] Duration:	2 ms		Content: America dave 904237 40
     [java] Duration:	2 ms		Content: America fred 659085 32
     [java] Duration:	2 ms		Content: America dave 22675 54
     [java] Duration:	2 ms		Content: America harry 831079 53
     [java] Duration:	3 ms		Content: America harry 751134 40
     [java] Duration:	2 ms		Content: America harry 53158 38
     [java] Duration:	2 ms		Content: America harry 309782 43
     [java] Duration:	2 ms		Content: America dave 627644 44
     [java] Duration:	2 ms		Content: America fred 479270 58
     [java] Duration:	2 ms		Content: America fred 77301 44
     [java] Duration:	2 ms		Content: America harry 1030976 48
     [java] Duration:	2 ms		Content: America harry 112755 49
     [java] Duration:	2 ms		Content: America bob 87754 35
     [java] Duration:	2 ms		Content: America dave 441235 41
     [java] Duration:	2 ms		Content: America harry 302818 30
     [java] Duration:	2 ms		Content: America harry 768913 34
     [java] Duration:	2 ms		Content: America harry 960931 32
     [java] Duration:	2 ms		Content: America fred 32084 36
     [java] Duration:	2 ms		Content: America dave 826329 32
     [java] Duration:	2 ms		Content: America bob 239537 54
     [java] Duration:	2 ms		Content: America bob 106804 51
     [java] Duration:	2 ms		Content: America fred 802027 47
     [java] Duration:	4 ms		Content: America bob 398827 51
     [java] Duration:	3 ms		Content: America fred 778453 53
     [java] Duration:	4 ms		Content: America harry 406984 39
     [java] Duration:	2 ms		Content: America harry 802619 56
     [java] Duration:	1 ms		Content: America harry 871671 32
     [java] Duration:	2 ms		Content: America harry 104167 31
     [java] Duration:	2 ms		Content: America harry 485973 35
     [java] Duration:	2 ms		Content: America fred 232146 39
     [java] Duration:	2 ms		Content: America bob 11123 59
     [java] Duration:	2 ms		Content: America harry 388961 57
     [java] Duration:	2 ms		Content: America bob 15106 32
     [java] Duration:	2 ms		Content: America bob 234447 44
     [java] Duration:	2 ms		Content: America bob 583045 47
     [java] Duration:	2 ms		Content: America dave 628502 43
     [java] Duration:	2 ms		Content: America harry 652278 53
     [java] Duration:	2 ms		Content: America fred 576397 31
     [java] Duration:	2 ms		Content: America fred 521520 35
     [java] Duration:	2 ms		Content: America harry 978376 32
     [java] Duration:	2 ms		Content: America bob 227175 34
     [java] Duration:	2 ms		Content: America bob 405307 35
     [java] Duration:	8 ms		Content: America dave 602597 53
     [java] Duration:	31 ms		Content: America harry 250673 52
     [java] Duration:	2 ms		Content: America harry 539736 49
     [java] Duration:	3 ms		Content: America dave 800052 56
     [java] Duration:	2 ms		Content: America harry 364156 33
     [java] Duration:	4 ms		Content: America fred 220481 49
     [java] Duration:	5 ms		Content: America fred 317241 42
     [java] Duration:	2 ms		Content: America dave 579863 47
     [java] Duration:	2 ms		Content: America dave 291831 57
     [java] Duration:	2 ms		Content: America fred 81137 41
     [java] Duration:	2 ms		Content: America dave 691634 34
     [java] Duration:	2 ms		Content: America bob 407254 58
     [java] Duration:	2 ms		Content: America harry 425357 49
     [java] Duration:	2 ms		Content: America harry 779921 33
     [java] Duration:	2 ms		Content: America fred 1012733 32
     [java] Duration:	2 ms		Content: America fred 399543 41
     [java] Duration:	2 ms		Content: America dave 921448 53
     [java] Duration:	2 ms		Content: America bob 722834 35
     [java] Duration:	2 ms		Content: America harry 475122 48
     [java] Duration:	2 ms		Content: America harry 772060 42
     [java] Duration:	2 ms		Content: America harry 8489 34
     [java] Duration:	24 ms		Content: America dave 557789 35
     [java] Duration:	2 ms		Content: America fred 1015919 46
     [java] Duration:	2 ms		Content: America bob 837163 57
     [java] Duration:	2 ms		Content: America fred 828313 52
     [java] Duration:	2 ms		Content: America harry 125292 47
     [java] Duration:	2 ms		Content: America bob 795396 52
     [java] Duration:	2 ms		Content: America dave 855974 46
     [java] Duration:	2 ms		Content: America fred 453155 34
     [java] Duration:	28 ms		Content: America harry 377667 33
     [java] Duration:	2 ms		Content: America dave 379339 55
     [java] Duration:	2 ms		Content: America dave 396262 34
     [java] Duration:	2 ms		Content: America dave 850060 57
     [java] Duration:	3 ms		Content: America fred 348484 50
     [java] Duration:	2 ms		Content: America fred 1035305 48
     [java] Duration:	2 ms		Content: America harry 535345 35
     [java] Duration:	2 ms		Content: America harry 182283 34
     [java] Duration:	25 ms		Content: America bob 183826 52
     [java] Duration:	7 ms		Content: America fred 1047217 50
     [java] Duration:	2 ms		Content: America harry 506073 47
     [java] Duration:	2 ms		Content: America fred 755763 40
     [java] Duration:	2 ms		Content: America dave 749609 36
     [java] Duration:	2 ms		Content: America harry 869522 40
     [java] Duration:	2 ms		Content: America bob 322215 51
     [java] Duration:	2 ms		Content: America fred 939120 33
     [java] Duration:	2 ms		Content: America harry 72843 41
     [java] Duration:	3 ms		Content: America dave 905251 33
     [java] Duration:	2 ms		Content: America fred 431863 49
     [java] Duration:	2 ms		Content: America dave 676220 49
     [java] Duration:	2 ms		Content: America harry 732365 45
     [java] Duration:	2 ms		Content: America fred 613315 30
     [java] Duration:	2 ms		Content: America fred 324796 58
     [java] Duration:	2 ms		Content: America dave 322583 37
     [java] Duration:	2 ms		Content: America dave 587786 34
     [java] Duration:	2 ms		Content: America bob 849115 52
     [java] Duration:	2 ms		Content: America fred 970214 59
     [java] Duration:	3 ms		Content: America bob 919169 40
     [java] Duration:	2 ms		Content: America dave 575794 48
     [java] Duration:	2 ms		Content: America fred 730119 53
     [java] Duration:	2 ms		Content: America bob 381378 48
     [java] Duration:	2 ms		Content: America dave 788853 33
     [java] Duration:	2 ms		Content: America harry 993643 40
     [java] Duration:	2 ms		Content: America bob 801654 45
     [java] Duration:	2 ms		Content: America harry 929244 30
     [java] Duration:	2 ms		Content: America bob 822070 42
     [java] Duration:	2 ms		Content: America harry 866186 55
     [java] Duration:	2 ms		Content: America fred 582494 56
     [java] Duration:	2 ms		Content: America dave 1045561 31
     [java] Duration:	2 ms		Content: America harry 907246 58
     [java] Duration:	2 ms		Content: America bob 606622 42
     [java] Duration:	2 ms		Content: America dave 226244 38
     [java] Duration:	2 ms		Content: America fred 365168 48
     [java] Duration:	3 ms		Content: America dave 990720 45
     [java] Duration:	2 ms		Content: America fred 970540 53
     [java] Duration:	2 ms		Content: America fred 1867 49
     [java] Duration:	1 ms		Content: America fred 452828 30
     [java] Duration:	2 ms		Content: America fred 400148 53
     [java] Duration:	2 ms		Content: America fred 939578 52
     [java] Duration:	2 ms		Content: America harry 990109 47
     [java] Duration:	2 ms		Content: America dave 221517 41
     [java] Duration:	2 ms		Content: America dave 812927 46
     [java] Duration:	2 ms		Content: America bob 542336 49
     [java] Duration:	4 ms		Content: America dave 93646 30
     [java] Duration:	2 ms		Content: America bob 224240 36
     [java] Duration:	2 ms		Content: America fred 993631 51
     [java] Duration:	3 ms		Content: America dave 131318 31
     [java] Duration:	2 ms		Content: America fred 438184 52
     [java] Duration:	2 ms		Content: America harry 621725 47
     [java] Duration:	2 ms		Content: America dave 660232 51
     [java] Duration:	3 ms		Content: America bob 559808 58
     [java] Duration:	2 ms		Content: America dave 760324 52
     [java] Duration:	2 ms		Content: America bob 13767 44
     [java] Duration:	25 ms		Content: America fred 712117 53
     [java] Duration:	4 ms		Content: America bob 451814 34
     [java] Duration:	2 ms		Content: America bob 91234 42
     [java] Duration:	2 ms		Content: America bob 316692 44
     [java] Duration:	2 ms		Content: America bob 685333 34
     [java] Duration:	2 ms		Content: America fred 737899 55
     [java] Duration:	2 ms		Content: America dave 667318 33
     [java] Duration:	2 ms		Content: America bob 910411 46
     [java] Duration:	26 ms		Content: America fred 198437 39
     [java] Duration:	2 ms		Content: America harry 323683 38
     [java] Duration:	3 ms		Content: America harry 1020885 49
     [java] Duration:	2 ms		Content: America fred 269178 41
     [java] Duration:	2 ms		Content: America fred 600347 36
     [java] Duration:	3 ms		Content: America dave 424783 37
     [java] Duration:	2 ms		Content: America bob 871755 56
     [java] Duration:	2 ms		Content: America dave 621434 39
     [java] Duration:	25 ms		Content: America dave 918061 52
     [java] Duration:	2 ms		Content: America harry 919151 40
     [java] Duration:	2 ms		Content: America bob 471120 53
     [java] Duration:	2 ms		Content: America harry 386447 56
     [java] Duration:	2 ms		Content: America dave 95265 59
     [java] Duration:	2 ms		Content: America bob 932106 59
     [java] Duration:	2 ms		Content: America dave 277349 51
     [java] Duration:	2 ms		Content: America harry 232110 43
     [java] Duration:	2 ms		Content: America harry 445171 33
     [java] Duration:	25 ms		Content: America bob 634500 55
     [java] Duration:	3 ms		Content: America bob 987284 53
     [java] Duration:	2 ms		Content: America fred 323113 58
     [java] Duration:	2 ms		Content: America bob 695670 59
     [java] Duration:	2 ms		Content: America bob 675037 47
     [java] Duration:	5 ms		Content: America harry 849322 53
     [java] Duration:	2 ms		Content: America harry 268429 42
     [java] Duration:	2 ms		Content: America fred 785368 40
     [java] Duration:	83 ms		Content: America harry 908712 30
     [java] Duration:	2 ms		Content: America dave 519611 54
     [java] Duration:	2 ms		Content: America dave 715896 32
     [java] Duration:	2 ms		Content: America fred 86764 43
     [java] Duration:	2 ms		Content: America dave 922548 48
     [java] Duration:	25 ms		Content: America fred 924145 37
     [java] Duration:	2 ms		Content: America bob 68496 50
     [java] Duration:	2 ms		Content: America dave 970670 44
     [java] Duration:	2 ms		Content: America harry 516001 47
     [java] Duration:	2 ms		Content: America bob 683861 45
     [java] Duration:	2 ms		Content: America dave 512577 41
     [java] Duration:	2 ms		Content: America harry 627179 52
     [java] Duration:	2 ms		Content: America bob 813892 30
     [java] Duration:	2 ms		Content: America dave 120664 36
     [java] Duration:	25 ms		Content: America harry 121066 48
     [java] Duration:	3 ms		Content: America harry 156422 46
     [java] Duration:	2 ms		Content: America fred 318261 56
     [java] Duration:	2 ms		Content: America dave 1025544 52
     [java] Duration:	2 ms		Content: America harry 267505 49
     [java] Duration:	2 ms		Content: America harry 160465 32
     [java] Duration:	2 ms		Content: America fred 287520 37
     [java] Duration:	3 ms		Content: America dave 480910 42
     [java] Duration:	2 ms		Content: America fred 776140 59
     [java] Duration:	25 ms		Content: America fred 267252 45
     [java] Duration:	2 ms		Content: America dave 352331 48
     [java] Duration:	3 ms		Content: America bob 842010 53
     [java] Duration:	2 ms		Content: America dave 63866 56
     [java] Duration:	39 ms		Content: America fred 825323 37
     [java] Duration:	2 ms		Content: America harry 844447 57
     [java] Duration:	2 ms		Content: America harry 807089 53
     [java] Duration:	2 ms		Content: America dave 961222 40
     [java] Duration:	2 ms		Content: America bob 920 59
     [java] Duration:	2 ms		Content: America dave 189133 54
     [java] Duration:	2 ms		Content: America harry 298816 31
     [java] Duration:	2 ms		Content: America dave 634562 38
     [java] Duration:	2 ms		Content: America bob 320881 54
     [java] Duration:	26 ms		Content: America fred 438394 32
     [java] Duration:	2 ms		Content: America fred 675630 52
     [java] Duration:	3 ms		Content: America bob 1033536 55
     [java] Duration:	2 ms		Content: America dave 24802 37
     [java] Duration:	2 ms		Content: America fred 588091 52
     [java] Duration:	3 ms		Content: America bob 868129 35
     [java] Duration:	2 ms		Content: America harry 743060 53
     [java] Duration:	2 ms		Content: America fred 1018850 51
     [java] Duration:	82 ms		Content: America dave 326909 36
     [java] Duration:	40 ms		Content: America fred 676595 59
     [java] Duration:	2 ms		Content: America harry 468698 58
     [java] Duration:	2 ms		Content: America fred 215011 47
     [java] Duration:	2 ms		Content: America harry 960949 49
     [java] Total Duration:	7 sec		Inserts: 1000

BUILD SUCCESSFUL
Total time: 10 seconds
